INFO:werkzeug:[31m[1mWARNING: This is a development server. Do not use it in a production deployment. Use a production WSGI server instead.[0m
 * Running on http://127.0.0.1:5000
INFO:werkzeug:[33mPress CTRL+C to quit[0m
INFO:werkzeug:127.0.0.1 - - [19/May/2023 11:32:12] "GET / HTTP/1.1" 200 -
INFO:werkzeug:127.0.0.1 - - [19/May/2023 11:32:12] "[36mGET /static/css/main.css HTTP/1.1[0m" 304 -
INFO:werkzeug:127.0.0.1 - - [19/May/2023 11:32:13] "GET / HTTP/1.1" 200 -
INFO:werkzeug:127.0.0.1 - - [19/May/2023 11:32:13] "[36mGET /static/css/main.css HTTP/1.1[0m" 304 -
INFO:root:========GENERATING NEW SUMMARY========
INFO:root:36team ids fetched
INFO:root:fetching teamid 16705...
INFO:root:...done
INFO:root:looping through gws
INFO:root:fetching teamid 1334891...
INFO:root:...done
INFO:root:looping through gws
INFO:root:fetching teamid 555...
INFO:root:...done
INFO:root:looping through gws
INFO:root:fetching teamid 53587...
INFO:root:...done
INFO:root:looping through gws
INFO:root:fetching teamid 13642...
INFO:root:...done
INFO:root:looping through gws
INFO:root:fetching teamid 5079855...
INFO:root:...done
INFO:root:looping through gws
INFO:root:fetching teamid 258287...
INFO:root:...done
INFO:root:looping through gws
INFO:root:fetching teamid 1771...
INFO:root:...done
INFO:root:looping through gws
INFO:root:fetching teamid 46809...
INFO:root:...done
INFO:root:looping through gws
INFO:root:fetching teamid 117699...
INFO:root:...done
INFO:root:looping through gws
INFO:root:fetching teamid 3740056...
INFO:root:...done
INFO:root:looping through gws
INFO:root:fetching teamid 3814290...
INFO:root:...done
INFO:root:looping through gws
INFO:root:fetching teamid 50717...
INFO:root:...done
INFO:root:looping through gws
INFO:root:fetching teamid 6095...
INFO:root:...done
INFO:root:looping through gws
INFO:root:fetching teamid 268999...
INFO:root:...done
INFO:root:looping through gws
INFO:root:fetching teamid 626045...
INFO:root:...done
INFO:root:looping through gws
INFO:root:fetching teamid 2977623...
INFO:root:...done
INFO:root:looping through gws
INFO:root:fetching teamid 5898479...
INFO:root:...done
INFO:root:looping through gws
INFO:root:fetching teamid 1247...
INFO:root:...done
INFO:root:looping through gws
INFO:root:fetching teamid 82976...
INFO:root:...done
INFO:root:looping through gws
INFO:root:fetching teamid 1611303...
INFO:root:...done
INFO:root:looping through gws
INFO:root:fetching teamid 1393476...
INFO:root:...done
INFO:root:looping through gws
INFO:root:fetching teamid 805919...
INFO:root:...done
INFO:root:looping through gws
INFO:root:fetching teamid 14029...
INFO:root:...done
INFO:root:looping through gws
INFO:root:fetching teamid 3290514...
INFO:root:...done
INFO:root:looping through gws
INFO:root:fetching teamid 1611178...
INFO:root:...done
INFO:root:looping through gws
INFO:root:fetching teamid 23879...
INFO:root:...done
INFO:root:looping through gws
INFO:root:fetching teamid 1402020...
INFO:root:...done
INFO:root:looping through gws
INFO:root:fetching teamid 2045786...
INFO:root:...done
INFO:root:looping through gws
INFO:root:fetching teamid 4383319...
INFO:root:...done
INFO:root:looping through gws
INFO:root:fetching teamid 6462061...
INFO:root:...done
INFO:root:looping through gws
INFO:root:fetching teamid 3211704...
INFO:root:...done
INFO:root:looping through gws
INFO:root:fetching teamid 7776969...
INFO:root:...done
INFO:root:looping through gws
INFO:root:fetching teamid 7659067...
INFO:root:...done
INFO:root:looping through gws
INFO:root:fetching teamid 6100140...
INFO:root:...done
INFO:root:looping through gws
INFO:root:fetching teamid 8857905...
INFO:root:...done
INFO:root:looping through gws
INFO:werkzeug:127.0.0.1 - - [19/May/2023 11:32:31] "POST / HTTP/1.1" 200 -
